<?xml version="1.0" encoding="UTF-8"?>
<!-- Generated by org.testng.reporters.JUnitReportReporter -->
<testsuite hostname="QSP" failures="0" tests="1" name="testng.Test3" time="19.555" errors="0" timestamp="2021-10-13T09:53:06 IST" skipped="0">
  <testcase classname="testng.Test3" name="upload" time="19.555"/>
</testsuite> <!-- testng.Test3 -->
