<?xml version="1.0" encoding="UTF-8"?>
<!-- Generated by org.testng.reporters.JUnitReportReporter -->
<testsuite hostname="QSP" failures="0" tests="1" name="testng.Parallel" time="45.573" errors="0" timestamp="2021-10-13T08:35:46 IST" skipped="0">
  <testcase classname="testng.Parallel" name="demo" time="45.573"/>
</testsuite> <!-- testng.Parallel -->
