<?xml version="1.0" encoding="UTF-8"?>
<!-- Generated by org.testng.reporters.JUnitReportReporter -->
<testsuite hostname="QSP" failures="0" tests="1" name="testng.Testcase3" time="16.919" errors="0" timestamp="2021-10-13T09:19:00 IST" skipped="0">
  <testcase classname="testng.Testcase3" name="createApage" time="16.919"/>
</testsuite> <!-- testng.Testcase3 -->
