<?xml version="1.0" encoding="UTF-8"?>
<!-- Generated by org.testng.reporters.JUnitReportReporter -->
<testsuite hostname="QSP" failures="0" tests="1" name="testng.Testcase1" time="14.707" errors="0" timestamp="2021-10-13T09:23:52 IST" skipped="0">
  <testcase classname="testng.Testcase1" name="loing" time="14.707"/>
</testsuite> <!-- testng.Testcase1 -->
